<?xml version="1.0" encoding="UTF-8"?>
<!-- Generated by org.testng.reporters.JUnitReportReporter -->
<testsuite hostname="DESKTOP-AIU030I" failures="0" tests="1" name="seleniumBasics.TestNGAnnotation" time="0.044" errors="0" timestamp="2025-07-15T07:26:13 IST" skipped="0">
  <testcase classname="seleniumBasics.TestNGAnnotation" name="testCase" time="0.044"/>
  <system-out/>
</testsuite> <!-- seleniumBasics.TestNGAnnotation -->
