<?xml version="1.0" encoding="UTF-8"?>
<!-- Generated by org.testng.reporters.JUnitReportReporter -->
<testsuite hostname="DESKTOP-AIU030I" failures="0" tests="1" name="testScript.LoginTest" time="4.049" errors="0" timestamp="2025-07-16T07:15:14 IST" skipped="0">
  <testcase classname="testScript.LoginTest" name="verifyWhetherUserIsAbleToLoginWithValidCredential" time="4.049"/>
  <system-out/>
</testsuite> <!-- testScript.LoginTest -->
